<?xml version="1.0" encoding="UTF-8"?>
<!-- Generated by org.testng.reporters.JUnitReportReporter -->
<testsuite hostname="192.168.0.104" name="com.ttt.tt.NewTest" tests="1" failures="0" timestamp="10 Sep 2017 14:52:30 GMT" time="0.015" errors="0">
  <testcase name="testEmailGenerator" time="0.015" classname="com.ttt.tt.NewTest"/>
</testsuite> <!-- com.ttt.tt.NewTest -->
